<?xml version="1.0" encoding="UTF-8"?>
<!-- Generated by org.testng.reporters.JUnitReportReporter -->
<testsuite hostname="NIKHIL" failures="0" tests="1" name="Assertions.assignment5" time="78.016" errors="0" timestamp="2021-05-07T15:34:57 IST" skipped="0">
  <testcase classname="Assertions.assignment5" name="test" time="78.016"/>
  <system-out/>
</testsuite> <!-- Assertions.assignment5 -->
