<?xml version="1.0" encoding="UTF-8"?>
<!-- Generated by org.testng.reporters.JUnitReportReporter -->
<testsuite hostname="NIKHIL" failures="0" tests="1" name="selenium.assignment1" time="99.214" errors="0" timestamp="2021-05-07T09:40:38 IST" skipped="0">
  <testcase classname="selenium.assignment1" name="test1" time="99.214"/>
  <system-out/>
</testsuite> <!-- selenium.assignment1 -->
