<?xml version="1.0" encoding="UTF-8"?>
<!-- Generated by org.testng.reporters.JUnitReportReporter -->
<testsuite hostname="NIKHIL" failures="0" tests="1" name="Assertions.assignment3" time="18.741" errors="0" timestamp="2021-05-05T15:09:30 IST" skipped="0">
  <testcase classname="Assertions.assignment3" name="test" time="18.741"/>
  <system-out/>
</testsuite> <!-- Assertions.assignment3 -->
