<?xml version="1.0" encoding="UTF-8"?>
<!-- Generated by org.testng.reporters.JUnitReportReporter -->
<testsuite hostname="NIKHIL" failures="0" tests="1" name="selenium.assignment9" time="13.626" errors="0" timestamp="2021-05-07T14:50:15 IST" skipped="0">
  <testcase classname="selenium.assignment9" name="test" time="13.626"/>
  <system-out/>
</testsuite> <!-- selenium.assignment9 -->
